Called with args:
Namespace(batch_size=None, cfg_file='configs/dt/e2e_faster_rcnn_R-101-FPN_clipart_weakly_with-spatial-reg_copy-cls-to-det_freeze-conv-body-RPN.yaml', copy_cls_to_det=False, cuda=True, dataset='clipart', disp_interval=20, iter_size=1, load_ckpt='Outputs/e2e_faster_rcnn_R-101-FPN_dt-clipart-VOC/Nov04-20-33-03_ip-172-31-8-158_step/ckpt/model_step9999.pth', load_detectron=None, lr=None, lr_decay_gamma=None, no_save=False, num_classes=None, num_workers=None, optimizer=None, resume=False, set_cfgs=[], start_step=0, use_tfboard=True, weak_supervise_with_pretrain=False)
effective_batch_size = batch_size * iter_size = 16 * 1
Adaptive config changes:
    effective_batch_size: 16 --> 16
    NUM_GPUS:             4 --> 4
    IMS_PER_BATCH:        4 --> 4
Adjust BASE_LR linearly according to batch_size change:
    BASE_LR: 0.0002 --> 0.0002
Adjust SOLVER.STEPS and SOLVER.MAX_ITER linearly based on effective_batch_size change:
    SOLVER.STEPS: [0, 5000, 8000] --> [0, 5000, 8000]
    SOLVER.MAX_ITER: 10000 --> 10000
Scale FPN rpn_proposals collect size directly propotional to the change of IMS_PER_BATCH:
    cfg.FPN.RPN_COLLECT_SCALE: 1.0
Number of data loading threads: 4
loading annotations into memory...
Done (t=0.01s)
creating index...
index created!
INFO json_dataset.py: 307: Loading cached gt_roidb from /home/ubuntu/Detectron.pytorch/data/cache/cross_clipart_train_gt_roidb.pkl
INFO roidb.py:  50: Appending horizontally-flipped training examples...
INFO roidb.py:  52: Loaded dataset: cross_clipart_train
INFO roidb.py: 143: Filtered 0 roidb entries: 998 -> 998
INFO roidb.py:  69: Computing image aspect ratios and ordering the ratios...
INFO roidb.py:  71: done
INFO roidb.py:  75: Computing bounding-box regression targets...
INFO roidb.py:  77: done
INFO train_net_step.py: 280: 998 roidb entries
INFO train_net_step.py: 281: Takes 0.35 sec(s) to construct roidb
INFO train_net_step.py: 359: loading checkpoint Outputs/e2e_faster_rcnn_R-101-FPN_dt-clipart-VOC/Nov04-20-33-03_ip-172-31-8-158_step/ckpt/model_step9999.pth
INFO train_net_step.py: 425: Training starts !
INFO net.py:  72: Changing learning rate 0.000000 -> 0.000067
[Nov10-17-25-37_ip-172-31-8-158_step][e2e_faster_rcnn_R-101-FPN_clipart_weakly_with-spatial-reg_copy-cls-to-det_freeze-conv-body-RPN.yaml][Step 1 / 10000]
		loss: 0.311098, lr: 0.000067 time: 10.478387, eta: 1 day, 5:06:23
		accuracy_cls: 0.934524
		spatial_reg: 0.057920
		image_loss_cls: 0.253178, loss_rpn_cls: 0.000000, loss_rpn_bbox: 0.000000
		
		
[Nov10-17-25-37_ip-172-31-8-158_step][e2e_faster_rcnn_R-101-FPN_clipart_weakly_with-spatial-reg_copy-cls-to-det_freeze-conv-body-RPN.yaml][Step 21 / 10000]
		loss: 0.375049, lr: 0.000072 time: 1.005384, eta: 2:47:13
		accuracy_cls: 0.924107
		spatial_reg: 0.101649
		image_loss_cls: 0.241792, loss_rpn_cls: 0.000000, loss_rpn_bbox: 0.000000
		
		
[Nov10-17-25-37_ip-172-31-8-158_step][e2e_faster_rcnn_R-101-FPN_clipart_weakly_with-spatial-reg_copy-cls-to-det_freeze-conv-body-RPN.yaml][Step 41 / 10000]
		loss: 0.390005, lr: 0.000077 time: 0.781560, eta: 2:09:44
		accuracy_cls: 0.916667
		spatial_reg: 0.125231
		image_loss_cls: 0.262141, loss_rpn_cls: 0.000000, loss_rpn_bbox: 0.000000
		
		
[Nov10-17-25-37_ip-172-31-8-158_step][e2e_faster_rcnn_R-101-FPN_clipart_weakly_with-spatial-reg_copy-cls-to-det_freeze-conv-body-RPN.yaml][Step 61 / 10000]
		loss: 0.371494, lr: 0.000083 time: 0.706493, eta: 1:57:02
		accuracy_cls: 0.936012
		spatial_reg: 0.193060
		image_loss_cls: 0.195975, loss_rpn_cls: 0.000000, loss_rpn_bbox: 0.000000
		
		
/home/ubuntu/anaconda3/envs/pytorch41/lib/python3.7/site-packages/torch/nn/functional.py:1890: UserWarning: nn.functional.upsample is deprecated. Use nn.functional.interpolate instead.
  warnings.warn("nn.functional.upsample is deprecated. Use nn.functional.interpolate instead.")
[Nov10-17-25-37_ip-172-31-8-158_step][e2e_faster_rcnn_R-101-FPN_clipart_weakly_with-spatial-reg_copy-cls-to-det_freeze-conv-body-RPN.yaml][Step 81 / 10000]
		loss: 0.336912, lr: 0.000088 time: 0.693308, eta: 1:54:37
		accuracy_cls: 0.925595
		spatial_reg: 0.109299
		image_loss_cls: 0.231563, loss_rpn_cls: 0.000000, loss_rpn_bbox: 0.000000
		
		
[Nov10-17-25-37_ip-172-31-8-158_step][e2e_faster_rcnn_R-101-FPN_clipart_weakly_with-spatial-reg_copy-cls-to-det_freeze-conv-body-RPN.yaml][Step 101 / 10000]
		loss: 0.343039, lr: 0.000093 time: 0.666609, eta: 1:49:59
		accuracy_cls: 0.934524
		spatial_reg: 0.132465
		image_loss_cls: 0.208427, loss_rpn_cls: 0.000000, loss_rpn_bbox: 0.000000
		
		
[Nov10-17-25-37_ip-172-31-8-158_step][e2e_faster_rcnn_R-101-FPN_clipart_weakly_with-spatial-reg_copy-cls-to-det_freeze-conv-body-RPN.yaml][Step 121 / 10000]
		loss: 0.362398, lr: 0.000099 time: 0.647691, eta: 1:46:39
		accuracy_cls: 0.927083
		spatial_reg: 0.146122
		image_loss_cls: 0.222344, loss_rpn_cls: 0.000000, loss_rpn_bbox: 0.000000
		
		
[Nov10-17-25-37_ip-172-31-8-158_step][e2e_faster_rcnn_R-101-FPN_clipart_weakly_with-spatial-reg_copy-cls-to-det_freeze-conv-body-RPN.yaml][Step 141 / 10000]
		loss: 0.337724, lr: 0.000104 time: 0.648969, eta: 1:46:38
		accuracy_cls: 0.933036
		spatial_reg: 0.131436
		image_loss_cls: 0.193758, loss_rpn_cls: 0.000000, loss_rpn_bbox: 0.000000
		
		
[Nov10-17-25-37_ip-172-31-8-158_step][e2e_faster_rcnn_R-101-FPN_clipart_weakly_with-spatial-reg_copy-cls-to-det_freeze-conv-body-RPN.yaml][Step 161 / 10000]
		loss: 0.351330, lr: 0.000109 time: 0.637402, eta: 1:44:32
		accuracy_cls: 0.930060
		spatial_reg: 0.148241
		image_loss_cls: 0.181562, loss_rpn_cls: 0.000000, loss_rpn_bbox: 0.000000
		
		
[Nov10-17-25-37_ip-172-31-8-158_step][e2e_faster_rcnn_R-101-FPN_clipart_weakly_with-spatial-reg_copy-cls-to-det_freeze-conv-body-RPN.yaml][Step 181 / 10000]
		loss: 0.379422, lr: 0.000115 time: 0.627323, eta: 1:42:40
		accuracy_cls: 0.930060
		spatial_reg: 0.142386
		image_loss_cls: 0.214470, loss_rpn_cls: 0.000000, loss_rpn_bbox: 0.000000
		
		
[Nov10-17-25-37_ip-172-31-8-158_step][e2e_faster_rcnn_R-101-FPN_clipart_weakly_with-spatial-reg_copy-cls-to-det_freeze-conv-body-RPN.yaml][Step 201 / 10000]
		loss: 0.397679, lr: 0.000120 time: 0.626169, eta: 1:42:16
		accuracy_cls: 0.934524
		spatial_reg: 0.155311
		image_loss_cls: 0.183781, loss_rpn_cls: 0.000000, loss_rpn_bbox: 0.000000
		
		
[Nov10-17-25-37_ip-172-31-8-158_step][e2e_faster_rcnn_R-101-FPN_clipart_weakly_with-spatial-reg_copy-cls-to-det_freeze-conv-body-RPN.yaml][Step 221 / 10000]
		loss: 0.300957, lr: 0.000125 time: 0.619498, eta: 1:40:58
		accuracy_cls: 0.943452
		spatial_reg: 0.135803
		image_loss_cls: 0.170876, loss_rpn_cls: 0.000000, loss_rpn_bbox: 0.000000
		
		
[Nov10-17-25-37_ip-172-31-8-158_step][e2e_faster_rcnn_R-101-FPN_clipart_weakly_with-spatial-reg_copy-cls-to-det_freeze-conv-body-RPN.yaml][Step 241 / 10000]
		loss: 0.319704, lr: 0.000131 time: 0.613713, eta: 1:39:49
		accuracy_cls: 0.933036
		spatial_reg: 0.125618
		image_loss_cls: 0.190529, loss_rpn_cls: 0.000000, loss_rpn_bbox: 0.000000
		
		
[Nov10-17-25-37_ip-172-31-8-158_step][e2e_faster_rcnn_R-101-FPN_clipart_weakly_with-spatial-reg_copy-cls-to-det_freeze-conv-body-RPN.yaml][Step 261 / 10000]
		loss: 0.310242, lr: 0.000136 time: 0.617379, eta: 1:40:13
		accuracy_cls: 0.930060
		spatial_reg: 0.133001
		image_loss_cls: 0.178677, loss_rpn_cls: 0.000000, loss_rpn_bbox: 0.000000
		
		
[Nov10-17-25-37_ip-172-31-8-158_step][e2e_faster_rcnn_R-101-FPN_clipart_weakly_with-spatial-reg_copy-cls-to-det_freeze-conv-body-RPN.yaml][Step 281 / 10000]
		loss: 0.313051, lr: 0.000141 time: 0.612783, eta: 1:39:16
		accuracy_cls: 0.938988
		spatial_reg: 0.107594
		image_loss_cls: 0.180872, loss_rpn_cls: 0.000000, loss_rpn_bbox: 0.000000
		
		
[Nov10-17-25-37_ip-172-31-8-158_step][e2e_faster_rcnn_R-101-FPN_clipart_weakly_with-spatial-reg_copy-cls-to-det_freeze-conv-body-RPN.yaml][Step 301 / 10000]
		loss: 0.325385, lr: 0.000147 time: 0.608832, eta: 1:38:25
		accuracy_cls: 0.937500
		spatial_reg: 0.111446
		image_loss_cls: 0.178597, loss_rpn_cls: 0.000000, loss_rpn_bbox: 0.000000
		
		
[Nov10-17-25-37_ip-172-31-8-158_step][e2e_faster_rcnn_R-101-FPN_clipart_weakly_with-spatial-reg_copy-cls-to-det_freeze-conv-body-RPN.yaml][Step 321 / 10000]
		loss: 0.288615, lr: 0.000152 time: 0.612075, eta: 1:38:44
		accuracy_cls: 0.943452
		spatial_reg: 0.106044
		image_loss_cls: 0.150746, loss_rpn_cls: 0.000000, loss_rpn_bbox: 0.000000
		
		
[Nov10-17-25-37_ip-172-31-8-158_step][e2e_faster_rcnn_R-101-FPN_clipart_weakly_with-spatial-reg_copy-cls-to-det_freeze-conv-body-RPN.yaml][Step 341 / 10000]
		loss: 0.298523, lr: 0.000157 time: 0.608197, eta: 1:37:55
		accuracy_cls: 0.937500
		spatial_reg: 0.094233
		image_loss_cls: 0.178657, loss_rpn_cls: 0.000000, loss_rpn_bbox: 0.000000
		
		
[Nov10-17-25-37_ip-172-31-8-158_step][e2e_faster_rcnn_R-101-FPN_clipart_weakly_with-spatial-reg_copy-cls-to-det_freeze-conv-body-RPN.yaml][Step 361 / 10000]
		loss: 0.285350, lr: 0.000163 time: 0.603630, eta: 1:36:58
		accuracy_cls: 0.943452
		spatial_reg: 0.105678
		image_loss_cls: 0.156818, loss_rpn_cls: 0.000000, loss_rpn_bbox: 0.000000
		
		
[Nov10-17-25-37_ip-172-31-8-158_step][e2e_faster_rcnn_R-101-FPN_clipart_weakly_with-spatial-reg_copy-cls-to-det_freeze-conv-body-RPN.yaml][Step 381 / 10000]
		loss: 0.326242, lr: 0.000168 time: 0.607488, eta: 1:37:24
		accuracy_cls: 0.943452
		spatial_reg: 0.157254
		image_loss_cls: 0.175459, loss_rpn_cls: 0.000000, loss_rpn_bbox: 0.000000
		
		
[Nov10-17-25-37_ip-172-31-8-158_step][e2e_faster_rcnn_R-101-FPN_clipart_weakly_with-spatial-reg_copy-cls-to-det_freeze-conv-body-RPN.yaml][Step 401 / 10000]
		loss: 0.262694, lr: 0.000173 time: 0.604175, eta: 1:36:40
		accuracy_cls: 0.941964
		spatial_reg: 0.095384
		image_loss_cls: 0.160637, loss_rpn_cls: 0.000000, loss_rpn_bbox: 0.000000
		
		
[Nov10-17-25-37_ip-172-31-8-158_step][e2e_faster_rcnn_R-101-FPN_clipart_weakly_with-spatial-reg_copy-cls-to-det_freeze-conv-body-RPN.yaml][Step 421 / 10000]
		loss: 0.285966, lr: 0.000179 time: 0.602347, eta: 1:36:10
		accuracy_cls: 0.941964
		spatial_reg: 0.127666
		image_loss_cls: 0.169367, loss_rpn_cls: 0.000000, loss_rpn_bbox: 0.000000
		
		
[Nov10-17-25-37_ip-172-31-8-158_step][e2e_faster_rcnn_R-101-FPN_clipart_weakly_with-spatial-reg_copy-cls-to-det_freeze-conv-body-RPN.yaml][Step 441 / 10000]
		loss: 0.272608, lr: 0.000184 time: 0.604386, eta: 1:36:17
		accuracy_cls: 0.944940
		spatial_reg: 0.102612
		image_loss_cls: 0.135484, loss_rpn_cls: 0.000000, loss_rpn_bbox: 0.000000
		
		
[Nov10-17-25-37_ip-172-31-8-158_step][e2e_faster_rcnn_R-101-FPN_clipart_weakly_with-spatial-reg_copy-cls-to-det_freeze-conv-body-RPN.yaml][Step 461 / 10000]
		loss: 0.271120, lr: 0.000189 time: 0.602156, eta: 1:35:44
		accuracy_cls: 0.931548
		spatial_reg: 0.095278
		image_loss_cls: 0.172897, loss_rpn_cls: 0.000000, loss_rpn_bbox: 0.000000
		
		
[Nov10-17-25-37_ip-172-31-8-158_step][e2e_faster_rcnn_R-101-FPN_clipart_weakly_with-spatial-reg_copy-cls-to-det_freeze-conv-body-RPN.yaml][Step 481 / 10000]
		loss: 0.304010, lr: 0.000195 time: 0.599818, eta: 1:35:10
		accuracy_cls: 0.947917
		spatial_reg: 0.119380
		image_loss_cls: 0.171561, loss_rpn_cls: 0.000000, loss_rpn_bbox: 0.000000
		
		
INFO train_net_step.py: 149: save model: Outputs/e2e_faster_rcnn_R-101-FPN_clipart_weakly_with-spatial-reg_copy-cls-to-det_freeze-conv-body-RPN/Nov10-17-25-37_ip-172-31-8-158_step/ckpt/model_step499.pth
[Nov10-17-25-37_ip-172-31-8-158_step][e2e_faster_rcnn_R-101-FPN_clipart_weakly_with-spatial-reg_copy-cls-to-det_freeze-conv-body-RPN.yaml][Step 501 / 10000]
		loss: 0.253476, lr: 0.000200 time: 0.602679, eta: 1:35:25
		accuracy_cls: 0.944941
		spatial_reg: 0.093024
		image_loss_cls: 0.148049, loss_rpn_cls: 0.000000, loss_rpn_bbox: 0.000000
		
		
[Nov10-17-25-37_ip-172-31-8-158_step][e2e_faster_rcnn_R-101-FPN_clipart_weakly_with-spatial-reg_copy-cls-to-det_freeze-conv-body-RPN.yaml][Step 521 / 10000]
		loss: 0.259821, lr: 0.000200 time: 0.600442, eta: 1:34:52
		accuracy_cls: 0.943452
		spatial_reg: 0.100976
		image_loss_cls: 0.159333, loss_rpn_cls: 0.000000, loss_rpn_bbox: 0.000000
		
		
[Nov10-17-25-37_ip-172-31-8-158_step][e2e_faster_rcnn_R-101-FPN_clipart_weakly_with-spatial-reg_copy-cls-to-det_freeze-conv-body-RPN.yaml][Step 541 / 10000]
		loss: 0.272122, lr: 0.000200 time: 0.598404, eta: 1:34:20
		accuracy_cls: 0.949405
		spatial_reg: 0.089891
		image_loss_cls: 0.156565, loss_rpn_cls: 0.000000, loss_rpn_bbox: 0.000000
		
		
[Nov10-17-25-37_ip-172-31-8-158_step][e2e_faster_rcnn_R-101-FPN_clipart_weakly_with-spatial-reg_copy-cls-to-det_freeze-conv-body-RPN.yaml][Step 561 / 10000]
		loss: 0.257739, lr: 0.000200 time: 0.600503, eta: 1:34:28
		accuracy_cls: 0.943452
		spatial_reg: 0.089946
		image_loss_cls: 0.161529, loss_rpn_cls: 0.000000, loss_rpn_bbox: 0.000000
		
		
[Nov10-17-25-37_ip-172-31-8-158_step][e2e_faster_rcnn_R-101-FPN_clipart_weakly_with-spatial-reg_copy-cls-to-det_freeze-conv-body-RPN.yaml][Step 581 / 10000]
		loss: 0.244933, lr: 0.000200 time: 0.598425, eta: 1:33:57
		accuracy_cls: 0.949405
		spatial_reg: 0.083961
		image_loss_cls: 0.144053, loss_rpn_cls: 0.000000, loss_rpn_bbox: 0.000000
		
		
[Nov10-17-25-37_ip-172-31-8-158_step][e2e_faster_rcnn_R-101-FPN_clipart_weakly_with-spatial-reg_copy-cls-to-det_freeze-conv-body-RPN.yaml][Step 601 / 10000]
		loss: 0.236799, lr: 0.000200 time: 0.595813, eta: 1:33:20
		accuracy_cls: 0.944941
		spatial_reg: 0.087356
		image_loss_cls: 0.152938, loss_rpn_cls: 0.000000, loss_rpn_bbox: 0.000000
		
		
[Nov10-17-25-37_ip-172-31-8-158_step][e2e_faster_rcnn_R-101-FPN_clipart_weakly_with-spatial-reg_copy-cls-to-det_freeze-conv-body-RPN.yaml][Step 621 / 10000]
		loss: 0.268780, lr: 0.000200 time: 0.596444, eta: 1:33:14
		accuracy_cls: 0.946429
		spatial_reg: 0.084572
		image_loss_cls: 0.156960, loss_rpn_cls: 0.000000, loss_rpn_bbox: 0.000000
		
		
[Nov10-17-25-37_ip-172-31-8-158_step][e2e_faster_rcnn_R-101-FPN_clipart_weakly_with-spatial-reg_copy-cls-to-det_freeze-conv-body-RPN.yaml][Step 641 / 10000]
		loss: 0.266885, lr: 0.000200 time: 0.595107, eta: 1:32:50
		accuracy_cls: 0.940476
		spatial_reg: 0.102475
		image_loss_cls: 0.159611, loss_rpn_cls: 0.000000, loss_rpn_bbox: 0.000000
		
		
[Nov10-17-25-37_ip-172-31-8-158_step][e2e_faster_rcnn_R-101-FPN_clipart_weakly_with-spatial-reg_copy-cls-to-det_freeze-conv-body-RPN.yaml][Step 661 / 10000]
		loss: 0.268560, lr: 0.000200 time: 0.593624, eta: 1:32:24
		accuracy_cls: 0.949405
		spatial_reg: 0.089956
		image_loss_cls: 0.148293, loss_rpn_cls: 0.000000, loss_rpn_bbox: 0.000000
		
		
[Nov10-17-25-37_ip-172-31-8-158_step][e2e_faster_rcnn_R-101-FPN_clipart_weakly_with-spatial-reg_copy-cls-to-det_freeze-conv-body-RPN.yaml][Step 681 / 10000]
		loss: 0.231453, lr: 0.000200 time: 0.592056, eta: 1:31:57
		accuracy_cls: 0.953869
		spatial_reg: 0.075266
		image_loss_cls: 0.144487, loss_rpn_cls: 0.000000, loss_rpn_bbox: 0.000000
		
		
[Nov10-17-25-37_ip-172-31-8-158_step][e2e_faster_rcnn_R-101-FPN_clipart_weakly_with-spatial-reg_copy-cls-to-det_freeze-conv-body-RPN.yaml][Step 701 / 10000]
		loss: 0.242610, lr: 0.000200 time: 0.594218, eta: 1:32:06
		accuracy_cls: 0.949405
		spatial_reg: 0.082074
		image_loss_cls: 0.153985, loss_rpn_cls: 0.000000, loss_rpn_bbox: 0.000000
		
		
[Nov10-17-25-37_ip-172-31-8-158_step][e2e_faster_rcnn_R-101-FPN_clipart_weakly_with-spatial-reg_copy-cls-to-det_freeze-conv-body-RPN.yaml][Step 721 / 10000]
		loss: 0.241103, lr: 0.000200 time: 0.592652, eta: 1:31:39
		accuracy_cls: 0.940476
		spatial_reg: 0.080831
		image_loss_cls: 0.155385, loss_rpn_cls: 0.000000, loss_rpn_bbox: 0.000000
		
		
[Nov10-17-25-37_ip-172-31-8-158_step][e2e_faster_rcnn_R-101-FPN_clipart_weakly_with-spatial-reg_copy-cls-to-det_freeze-conv-body-RPN.yaml][Step 741 / 10000]
		loss: 0.241994, lr: 0.000200 time: 0.591165, eta: 1:31:14
		accuracy_cls: 0.943452
		spatial_reg: 0.083245
		image_loss_cls: 0.152844, loss_rpn_cls: 0.000000, loss_rpn_bbox: 0.000000
		
		
[Nov10-17-25-37_ip-172-31-8-158_step][e2e_faster_rcnn_R-101-FPN_clipart_weakly_with-spatial-reg_copy-cls-to-det_freeze-conv-body-RPN.yaml][Step 761 / 10000]
		loss: 0.222804, lr: 0.000200 time: 0.594038, eta: 1:31:28
		accuracy_cls: 0.950893
		spatial_reg: 0.085850
		image_loss_cls: 0.137860, loss_rpn_cls: 0.000000, loss_rpn_bbox: 0.000000
		
		
[Nov10-17-25-37_ip-172-31-8-158_step][e2e_faster_rcnn_R-101-FPN_clipart_weakly_with-spatial-reg_copy-cls-to-det_freeze-conv-body-RPN.yaml][Step 781 / 10000]
		loss: 0.234958, lr: 0.000200 time: 0.593145, eta: 1:31:08
		accuracy_cls: 0.949405
		spatial_reg: 0.108660
		image_loss_cls: 0.144267, loss_rpn_cls: 0.000000, loss_rpn_bbox: 0.000000
		
		
[Nov10-17-25-37_ip-172-31-8-158_step][e2e_faster_rcnn_R-101-FPN_clipart_weakly_with-spatial-reg_copy-cls-to-det_freeze-conv-body-RPN.yaml][Step 801 / 10000]
		loss: 0.242195, lr: 0.000200 time: 0.591479, eta: 1:30:41
		accuracy_cls: 0.941964
		spatial_reg: 0.060126
		image_loss_cls: 0.153005, loss_rpn_cls: 0.000000, loss_rpn_bbox: 0.000000
		
		
[Nov10-17-25-37_ip-172-31-8-158_step][e2e_faster_rcnn_R-101-FPN_clipart_weakly_with-spatial-reg_copy-cls-to-det_freeze-conv-body-RPN.yaml][Step 821 / 10000]
		loss: 0.257519, lr: 0.000200 time: 0.592446, eta: 1:30:38
		accuracy_cls: 0.946429
		spatial_reg: 0.091242
		image_loss_cls: 0.144183, loss_rpn_cls: 0.000000, loss_rpn_bbox: 0.000000
		
		
[Nov10-17-25-37_ip-172-31-8-158_step][e2e_faster_rcnn_R-101-FPN_clipart_weakly_with-spatial-reg_copy-cls-to-det_freeze-conv-body-RPN.yaml][Step 841 / 10000]
		loss: 0.256966, lr: 0.000200 time: 0.591484, eta: 1:30:17
		accuracy_cls: 0.944941
		spatial_reg: 0.084714
		image_loss_cls: 0.155599, loss_rpn_cls: 0.000000, loss_rpn_bbox: 0.000000
		
		
[Nov10-17-25-37_ip-172-31-8-158_step][e2e_faster_rcnn_R-101-FPN_clipart_weakly_with-spatial-reg_copy-cls-to-det_freeze-conv-body-RPN.yaml][Step 861 / 10000]
		loss: 0.236570, lr: 0.000200 time: 0.590180, eta: 1:29:54
		accuracy_cls: 0.943452
		spatial_reg: 0.072140
		image_loss_cls: 0.164146, loss_rpn_cls: 0.000000, loss_rpn_bbox: 0.000000
		
		
[Nov10-17-25-37_ip-172-31-8-158_step][e2e_faster_rcnn_R-101-FPN_clipart_weakly_with-spatial-reg_copy-cls-to-det_freeze-conv-body-RPN.yaml][Step 881 / 10000]
		loss: 0.208156, lr: 0.000200 time: 0.591240, eta: 1:29:52
		accuracy_cls: 0.956845
		spatial_reg: 0.085045
		image_loss_cls: 0.129005, loss_rpn_cls: 0.000000, loss_rpn_bbox: 0.000000
		
		
[Nov10-17-25-37_ip-172-31-8-158_step][e2e_faster_rcnn_R-101-FPN_clipart_weakly_with-spatial-reg_copy-cls-to-det_freeze-conv-body-RPN.yaml][Step 901 / 10000]
		loss: 0.227016, lr: 0.000200 time: 0.589959, eta: 1:29:28
		accuracy_cls: 0.946429
		spatial_reg: 0.080781
		image_loss_cls: 0.145170, loss_rpn_cls: 0.000000, loss_rpn_bbox: 0.000000
		
		
[Nov10-17-25-37_ip-172-31-8-158_step][e2e_faster_rcnn_R-101-FPN_clipart_weakly_with-spatial-reg_copy-cls-to-det_freeze-conv-body-RPN.yaml][Step 921 / 10000]
		loss: 0.266825, lr: 0.000200 time: 0.588583, eta: 1:29:04
		accuracy_cls: 0.946429
		spatial_reg: 0.104520
		image_loss_cls: 0.166773, loss_rpn_cls: 0.000000, loss_rpn_bbox: 0.000000
		
		
[Nov10-17-25-37_ip-172-31-8-158_step][e2e_faster_rcnn_R-101-FPN_clipart_weakly_with-spatial-reg_copy-cls-to-det_freeze-conv-body-RPN.yaml][Step 941 / 10000]
		loss: 0.237599, lr: 0.000200 time: 0.589547, eta: 1:29:01
		accuracy_cls: 0.949405
		spatial_reg: 0.081872
		image_loss_cls: 0.144187, loss_rpn_cls: 0.000000, loss_rpn_bbox: 0.000000
		
		
[Nov10-17-25-37_ip-172-31-8-158_step][e2e_faster_rcnn_R-101-FPN_clipart_weakly_with-spatial-reg_copy-cls-to-det_freeze-conv-body-RPN.yaml][Step 961 / 10000]
		loss: 0.235945, lr: 0.000200 time: 0.588960, eta: 1:28:44
		accuracy_cls: 0.952381
		spatial_reg: 0.086091
		image_loss_cls: 0.140466, loss_rpn_cls: 0.000000, loss_rpn_bbox: 0.000000
		
		
[Nov10-17-25-37_ip-172-31-8-158_step][e2e_faster_rcnn_R-101-FPN_clipart_weakly_with-spatial-reg_copy-cls-to-det_freeze-conv-body-RPN.yaml][Step 981 / 10000]
		loss: 0.210324, lr: 0.000200 time: 0.588183, eta: 1:28:25
		accuracy_cls: 0.958333
		spatial_reg: 0.069129
		image_loss_cls: 0.134421, loss_rpn_cls: 0.000000, loss_rpn_bbox: 0.000000
		
		
INFO train_net_step.py: 149: save model: Outputs/e2e_faster_rcnn_R-101-FPN_clipart_weakly_with-spatial-reg_copy-cls-to-det_freeze-conv-body-RPN/Nov10-17-25-37_ip-172-31-8-158_step/ckpt/model_step999.pth
[Nov10-17-25-37_ip-172-31-8-158_step][e2e_faster_rcnn_R-101-FPN_clipart_weakly_with-spatial-reg_copy-cls-to-det_freeze-conv-body-RPN.yaml][Step 1001 / 10000]
		loss: 0.233677, lr: 0.000200 time: 0.589521, eta: 1:28:25
		accuracy_cls: 0.943452
		spatial_reg: 0.075875
		image_loss_cls: 0.141582, loss_rpn_cls: 0.000000, loss_rpn_bbox: 0.000000
		
		
[Nov10-17-25-37_ip-172-31-8-158_step][e2e_faster_rcnn_R-101-FPN_clipart_weakly_with-spatial-reg_copy-cls-to-det_freeze-conv-body-RPN.yaml][Step 1021 / 10000]
		loss: 0.221067, lr: 0.000200 time: 0.588672, eta: 1:28:06
		accuracy_cls: 0.944940
		spatial_reg: 0.076693
		image_loss_cls: 0.146193, loss_rpn_cls: 0.000000, loss_rpn_bbox: 0.000000
		
		
[Nov10-17-25-37_ip-172-31-8-158_step][e2e_faster_rcnn_R-101-FPN_clipart_weakly_with-spatial-reg_copy-cls-to-det_freeze-conv-body-RPN.yaml][Step 1041 / 10000]
		loss: 0.250375, lr: 0.000200 time: 0.587645, eta: 1:27:45
		accuracy_cls: 0.943452
		spatial_reg: 0.064898
		image_loss_cls: 0.158283, loss_rpn_cls: 0.000000, loss_rpn_bbox: 0.000000
		
		
[Nov10-17-25-37_ip-172-31-8-158_step][e2e_faster_rcnn_R-101-FPN_clipart_weakly_with-spatial-reg_copy-cls-to-det_freeze-conv-body-RPN.yaml][Step 1061 / 10000]
		loss: 0.230722, lr: 0.000200 time: 0.588574, eta: 1:27:41
		accuracy_cls: 0.950893
		spatial_reg: 0.078172
		image_loss_cls: 0.160058, loss_rpn_cls: 0.000000, loss_rpn_bbox: 0.000000
		
		
[Nov10-17-25-37_ip-172-31-8-158_step][e2e_faster_rcnn_R-101-FPN_clipart_weakly_with-spatial-reg_copy-cls-to-det_freeze-conv-body-RPN.yaml][Step 1081 / 10000]
		loss: 0.222129, lr: 0.000200 time: 0.587474, eta: 1:27:20
		accuracy_cls: 0.950893
		spatial_reg: 0.079190
		image_loss_cls: 0.138332, loss_rpn_cls: 0.000000, loss_rpn_bbox: 0.000000
		
		
[Nov10-17-25-37_ip-172-31-8-158_step][e2e_faster_rcnn_R-101-FPN_clipart_weakly_with-spatial-reg_copy-cls-to-det_freeze-conv-body-RPN.yaml][Step 1101 / 10000]
		loss: 0.215270, lr: 0.000200 time: 0.586959, eta: 1:27:03
		accuracy_cls: 0.949405
		spatial_reg: 0.082418
		image_loss_cls: 0.139495, loss_rpn_cls: 0.000000, loss_rpn_bbox: 0.000000
		
		
[Nov10-17-25-37_ip-172-31-8-158_step][e2e_faster_rcnn_R-101-FPN_clipart_weakly_with-spatial-reg_copy-cls-to-det_freeze-conv-body-RPN.yaml][Step 1121 / 10000]
		loss: 0.228291, lr: 0.000200 time: 0.587805, eta: 1:26:59
		accuracy_cls: 0.950893
		spatial_reg: 0.063564
		image_loss_cls: 0.135182, loss_rpn_cls: 0.000000, loss_rpn_bbox: 0.000000
		
		
[Nov10-17-25-37_ip-172-31-8-158_step][e2e_faster_rcnn_R-101-FPN_clipart_weakly_with-spatial-reg_copy-cls-to-det_freeze-conv-body-RPN.yaml][Step 1141 / 10000]
		loss: 0.222047, lr: 0.000200 time: 0.587078, eta: 1:26:41
		accuracy_cls: 0.953869
		spatial_reg: 0.067492
		image_loss_cls: 0.137099, loss_rpn_cls: 0.000000, loss_rpn_bbox: 0.000000
		
		
[Nov10-17-25-37_ip-172-31-8-158_step][e2e_faster_rcnn_R-101-FPN_clipart_weakly_with-spatial-reg_copy-cls-to-det_freeze-conv-body-RPN.yaml][Step 1161 / 10000]
		loss: 0.221500, lr: 0.000200 time: 0.586464, eta: 1:26:24
		accuracy_cls: 0.944941
		spatial_reg: 0.073597
		image_loss_cls: 0.142514, loss_rpn_cls: 0.000000, loss_rpn_bbox: 0.000000
		
		
[Nov10-17-25-37_ip-172-31-8-158_step][e2e_faster_rcnn_R-101-FPN_clipart_weakly_with-spatial-reg_copy-cls-to-det_freeze-conv-body-RPN.yaml][Step 1181 / 10000]
		loss: 0.238843, lr: 0.000200 time: 0.587306, eta: 1:26:20
		accuracy_cls: 0.946429
		spatial_reg: 0.068015
		image_loss_cls: 0.145678, loss_rpn_cls: 0.000000, loss_rpn_bbox: 0.000000
		
		
[Nov10-17-25-37_ip-172-31-8-158_step][e2e_faster_rcnn_R-101-FPN_clipart_weakly_with-spatial-reg_copy-cls-to-det_freeze-conv-body-RPN.yaml][Step 1201 / 10000]
		loss: 0.206880, lr: 0.000200 time: 0.586628, eta: 1:26:02
		accuracy_cls: 0.952381
		spatial_reg: 0.075235
		image_loss_cls: 0.134991, loss_rpn_cls: 0.000000, loss_rpn_bbox: 0.000000
		
		
[Nov10-17-25-37_ip-172-31-8-158_step][e2e_faster_rcnn_R-101-FPN_clipart_weakly_with-spatial-reg_copy-cls-to-det_freeze-conv-body-RPN.yaml][Step 1221 / 10000]
		loss: 0.199216, lr: 0.000200 time: 0.586019, eta: 1:25:45
		accuracy_cls: 0.950893
		spatial_reg: 0.059968
		image_loss_cls: 0.145266, loss_rpn_cls: 0.000000, loss_rpn_bbox: 0.000000
		
		
[Nov10-17-25-37_ip-172-31-8-158_step][e2e_faster_rcnn_R-101-FPN_clipart_weakly_with-spatial-reg_copy-cls-to-det_freeze-conv-body-RPN.yaml][Step 1241 / 10000]
		loss: 0.216515, lr: 0.000200 time: 0.586721, eta: 1:25:39
		accuracy_cls: 0.949405
		spatial_reg: 0.085824
		image_loss_cls: 0.136636, loss_rpn_cls: 0.000000, loss_rpn_bbox: 0.000000
		
		
[Nov10-17-25-37_ip-172-31-8-158_step][e2e_faster_rcnn_R-101-FPN_clipart_weakly_with-spatial-reg_copy-cls-to-det_freeze-conv-body-RPN.yaml][Step 1261 / 10000]
		loss: 0.226314, lr: 0.000200 time: 0.585955, eta: 1:25:21
		accuracy_cls: 0.950893
		spatial_reg: 0.078293
		image_loss_cls: 0.142423, loss_rpn_cls: 0.000000, loss_rpn_bbox: 0.000000
		
		
[Nov10-17-25-37_ip-172-31-8-158_step][e2e_faster_rcnn_R-101-FPN_clipart_weakly_with-spatial-reg_copy-cls-to-det_freeze-conv-body-RPN.yaml][Step 1281 / 10000]
		loss: 0.205107, lr: 0.000200 time: 0.585378, eta: 1:25:04
		accuracy_cls: 0.950893
		spatial_reg: 0.051529
		image_loss_cls: 0.136931, loss_rpn_cls: 0.000000, loss_rpn_bbox: 0.000000
		
		
[Nov10-17-25-37_ip-172-31-8-158_step][e2e_faster_rcnn_R-101-FPN_clipart_weakly_with-spatial-reg_copy-cls-to-det_freeze-conv-body-RPN.yaml][Step 1301 / 10000]
		loss: 0.201786, lr: 0.000200 time: 0.584812, eta: 1:24:47
		accuracy_cls: 0.949405
		spatial_reg: 0.070805
		image_loss_cls: 0.136432, loss_rpn_cls: 0.000000, loss_rpn_bbox: 0.000000
		
		
[Nov10-17-25-37_ip-172-31-8-158_step][e2e_faster_rcnn_R-101-FPN_clipart_weakly_with-spatial-reg_copy-cls-to-det_freeze-conv-body-RPN.yaml][Step 1321 / 10000]
		loss: 0.219714, lr: 0.000200 time: 0.586041, eta: 1:24:46
		accuracy_cls: 0.955357
		spatial_reg: 0.067726
		image_loss_cls: 0.139623, loss_rpn_cls: 0.000000, loss_rpn_bbox: 0.000000
		
		
[Nov10-17-25-37_ip-172-31-8-158_step][e2e_faster_rcnn_R-101-FPN_clipart_weakly_with-spatial-reg_copy-cls-to-det_freeze-conv-body-RPN.yaml][Step 1341 / 10000]
		loss: 0.217558, lr: 0.000200 time: 0.585519, eta: 1:24:30
		accuracy_cls: 0.950893
		spatial_reg: 0.070949
		image_loss_cls: 0.131543, loss_rpn_cls: 0.000000, loss_rpn_bbox: 0.000000
		
		
[Nov10-17-25-37_ip-172-31-8-158_step][e2e_faster_rcnn_R-101-FPN_clipart_weakly_with-spatial-reg_copy-cls-to-det_freeze-conv-body-RPN.yaml][Step 1361 / 10000]
		loss: 0.191056, lr: 0.000200 time: 0.584720, eta: 1:24:11
		accuracy_cls: 0.952381
		spatial_reg: 0.054450
		image_loss_cls: 0.133307, loss_rpn_cls: 0.000000, loss_rpn_bbox: 0.000000
		
		
[Nov10-17-25-37_ip-172-31-8-158_step][e2e_faster_rcnn_R-101-FPN_clipart_weakly_with-spatial-reg_copy-cls-to-det_freeze-conv-body-RPN.yaml][Step 1381 / 10000]
		loss: 0.197570, lr: 0.000200 time: 0.585453, eta: 1:24:06
		accuracy_cls: 0.952381
		spatial_reg: 0.070037
		image_loss_cls: 0.131577, loss_rpn_cls: 0.000000, loss_rpn_bbox: 0.000000
		
		
[Nov10-17-25-37_ip-172-31-8-158_step][e2e_faster_rcnn_R-101-FPN_clipart_weakly_with-spatial-reg_copy-cls-to-det_freeze-conv-body-RPN.yaml][Step 1401 / 10000]
		loss: 0.213471, lr: 0.000200 time: 0.585118, eta: 1:23:52
		accuracy_cls: 0.952381
		spatial_reg: 0.068556
		image_loss_cls: 0.138335, loss_rpn_cls: 0.000000, loss_rpn_bbox: 0.000000
		
		
[Nov10-17-25-37_ip-172-31-8-158_step][e2e_faster_rcnn_R-101-FPN_clipart_weakly_with-spatial-reg_copy-cls-to-det_freeze-conv-body-RPN.yaml][Step 1421 / 10000]
		loss: 0.219532, lr: 0.000200 time: 0.584542, eta: 1:23:35
		accuracy_cls: 0.947917
		spatial_reg: 0.074207
		image_loss_cls: 0.142532, loss_rpn_cls: 0.000000, loss_rpn_bbox: 0.000000
		
		
[Nov10-17-25-37_ip-172-31-8-158_step][e2e_faster_rcnn_R-101-FPN_clipart_weakly_with-spatial-reg_copy-cls-to-det_freeze-conv-body-RPN.yaml][Step 1441 / 10000]
		loss: 0.211275, lr: 0.000200 time: 0.585414, eta: 1:23:31
		accuracy_cls: 0.949405
		spatial_reg: 0.061135
		image_loss_cls: 0.146456, loss_rpn_cls: 0.000000, loss_rpn_bbox: 0.000000
		
		
[Nov10-17-25-37_ip-172-31-8-158_step][e2e_faster_rcnn_R-101-FPN_clipart_weakly_with-spatial-reg_copy-cls-to-det_freeze-conv-body-RPN.yaml][Step 1461 / 10000]
		loss: 0.197195, lr: 0.000200 time: 0.584813, eta: 1:23:14
		accuracy_cls: 0.952381
		spatial_reg: 0.064119
		image_loss_cls: 0.138635, loss_rpn_cls: 0.000000, loss_rpn_bbox: 0.000000
		
		
[Nov10-17-25-37_ip-172-31-8-158_step][e2e_faster_rcnn_R-101-FPN_clipart_weakly_with-spatial-reg_copy-cls-to-det_freeze-conv-body-RPN.yaml][Step 1481 / 10000]
		loss: 0.221462, lr: 0.000200 time: 0.584300, eta: 1:22:58
		accuracy_cls: 0.947917
		spatial_reg: 0.066131
		image_loss_cls: 0.139863, loss_rpn_cls: 0.000000, loss_rpn_bbox: 0.000000
		
		
INFO train_net_step.py: 149: save model: Outputs/e2e_faster_rcnn_R-101-FPN_clipart_weakly_with-spatial-reg_copy-cls-to-det_freeze-conv-body-RPN/Nov10-17-25-37_ip-172-31-8-158_step/ckpt/model_step1499.pth
[Nov10-17-25-37_ip-172-31-8-158_step][e2e_faster_rcnn_R-101-FPN_clipart_weakly_with-spatial-reg_copy-cls-to-det_freeze-conv-body-RPN.yaml][Step 1501 / 10000]
		loss: 0.193216, lr: 0.000200 time: 0.585069, eta: 1:22:53
		accuracy_cls: 0.964286
		spatial_reg: 0.071604
		image_loss_cls: 0.121366, loss_rpn_cls: 0.000000, loss_rpn_bbox: 0.000000
		
		
[Nov10-17-25-37_ip-172-31-8-158_step][e2e_faster_rcnn_R-101-FPN_clipart_weakly_with-spatial-reg_copy-cls-to-det_freeze-conv-body-RPN.yaml][Step 1521 / 10000]
		loss: 0.215783, lr: 0.000200 time: 0.584586, eta: 1:22:37
		accuracy_cls: 0.949405
		spatial_reg: 0.062032
		image_loss_cls: 0.140845, loss_rpn_cls: 0.000000, loss_rpn_bbox: 0.000000
		
		
[Nov10-17-25-37_ip-172-31-8-158_step][e2e_faster_rcnn_R-101-FPN_clipart_weakly_with-spatial-reg_copy-cls-to-det_freeze-conv-body-RPN.yaml][Step 1541 / 10000]
		loss: 0.217446, lr: 0.000200 time: 0.584008, eta: 1:22:20
		accuracy_cls: 0.944941
		spatial_reg: 0.062917
		image_loss_cls: 0.157191, loss_rpn_cls: 0.000000, loss_rpn_bbox: 0.000000
		
		
[Nov10-17-25-37_ip-172-31-8-158_step][e2e_faster_rcnn_R-101-FPN_clipart_weakly_with-spatial-reg_copy-cls-to-det_freeze-conv-body-RPN.yaml][Step 1561 / 10000]
		loss: 0.192488, lr: 0.000200 time: 0.584788, eta: 1:22:15
		accuracy_cls: 0.952381
		spatial_reg: 0.051608
		image_loss_cls: 0.138466, loss_rpn_cls: 0.000000, loss_rpn_bbox: 0.000000
		
		
[Nov10-17-25-37_ip-172-31-8-158_step][e2e_faster_rcnn_R-101-FPN_clipart_weakly_with-spatial-reg_copy-cls-to-det_freeze-conv-body-RPN.yaml][Step 1581 / 10000]
		loss: 0.186611, lr: 0.000200 time: 0.584301, eta: 1:21:59
		accuracy_cls: 0.953869
		spatial_reg: 0.070206
		image_loss_cls: 0.132621, loss_rpn_cls: 0.000000, loss_rpn_bbox: 0.000000
		
		
[Nov10-17-25-37_ip-172-31-8-158_step][e2e_faster_rcnn_R-101-FPN_clipart_weakly_with-spatial-reg_copy-cls-to-det_freeze-conv-body-RPN.yaml][Step 1601 / 10000]
		loss: 0.205241, lr: 0.000200 time: 0.584291, eta: 1:21:48
		accuracy_cls: 0.949405
		spatial_reg: 0.051747
		image_loss_cls: 0.146086, loss_rpn_cls: 0.000000, loss_rpn_bbox: 0.000000
		
		
[Nov10-17-25-37_ip-172-31-8-158_step][e2e_faster_rcnn_R-101-FPN_clipart_weakly_with-spatial-reg_copy-cls-to-det_freeze-conv-body-RPN.yaml][Step 1621 / 10000]
		loss: 0.224695, lr: 0.000200 time: 0.585265, eta: 1:21:44
		accuracy_cls: 0.949405
		spatial_reg: 0.082511
		image_loss_cls: 0.134600, loss_rpn_cls: 0.000000, loss_rpn_bbox: 0.000000
		
		
[Nov10-17-25-37_ip-172-31-8-158_step][e2e_faster_rcnn_R-101-FPN_clipart_weakly_with-spatial-reg_copy-cls-to-det_freeze-conv-body-RPN.yaml][Step 1641 / 10000]
		loss: 0.210738, lr: 0.000200 time: 0.584783, eta: 1:21:28
		accuracy_cls: 0.947917
		spatial_reg: 0.060197
		image_loss_cls: 0.138822, loss_rpn_cls: 0.000000, loss_rpn_bbox: 0.000000
		
		
[Nov10-17-25-37_ip-172-31-8-158_step][e2e_faster_rcnn_R-101-FPN_clipart_weakly_with-spatial-reg_copy-cls-to-det_freeze-conv-body-RPN.yaml][Step 1661 / 10000]
		loss: 0.195823, lr: 0.000200 time: 0.583962, eta: 1:21:10
		accuracy_cls: 0.952381
		spatial_reg: 0.053091
		image_loss_cls: 0.139449, loss_rpn_cls: 0.000000, loss_rpn_bbox: 0.000000
		
		
[Nov10-17-25-37_ip-172-31-8-158_step][e2e_faster_rcnn_R-101-FPN_clipart_weakly_with-spatial-reg_copy-cls-to-det_freeze-conv-body-RPN.yaml][Step 1681 / 10000]
		loss: 0.195345, lr: 0.000200 time: 0.584275, eta: 1:21:01
		accuracy_cls: 0.955357
		spatial_reg: 0.062345
		image_loss_cls: 0.125260, loss_rpn_cls: 0.000000, loss_rpn_bbox: 0.000000
		
		
[Nov10-17-25-37_ip-172-31-8-158_step][e2e_faster_rcnn_R-101-FPN_clipart_weakly_with-spatial-reg_copy-cls-to-det_freeze-conv-body-RPN.yaml][Step 1701 / 10000]
		loss: 0.183923, lr: 0.000200 time: 0.583628, eta: 1:20:44
		accuracy_cls: 0.953869
		spatial_reg: 0.058495
		image_loss_cls: 0.127609, loss_rpn_cls: 0.000000, loss_rpn_bbox: 0.000000
		
		
[Nov10-17-25-37_ip-172-31-8-158_step][e2e_faster_rcnn_R-101-FPN_clipart_weakly_with-spatial-reg_copy-cls-to-det_freeze-conv-body-RPN.yaml][Step 1721 / 10000]
		loss: 0.207666, lr: 0.000200 time: 0.583061, eta: 1:20:27
		accuracy_cls: 0.952381
		spatial_reg: 0.058050
		image_loss_cls: 0.145172, loss_rpn_cls: 0.000000, loss_rpn_bbox: 0.000000
		
		
[Nov10-17-25-37_ip-172-31-8-158_step][e2e_faster_rcnn_R-101-FPN_clipart_weakly_with-spatial-reg_copy-cls-to-det_freeze-conv-body-RPN.yaml][Step 1741 / 10000]
		loss: 0.190259, lr: 0.000200 time: 0.583804, eta: 1:20:22
		accuracy_cls: 0.952381
		spatial_reg: 0.060022
		image_loss_cls: 0.136675, loss_rpn_cls: 0.000000, loss_rpn_bbox: 0.000000
		
		
[Nov10-17-25-37_ip-172-31-8-158_step][e2e_faster_rcnn_R-101-FPN_clipart_weakly_with-spatial-reg_copy-cls-to-det_freeze-conv-body-RPN.yaml][Step 1761 / 10000]
		loss: 0.215092, lr: 0.000200 time: 0.583074, eta: 1:20:04
		accuracy_cls: 0.949405
		spatial_reg: 0.068690
		image_loss_cls: 0.142270, loss_rpn_cls: 0.000000, loss_rpn_bbox: 0.000000
		
		
[Nov10-17-25-37_ip-172-31-8-158_step][e2e_faster_rcnn_R-101-FPN_clipart_weakly_with-spatial-reg_copy-cls-to-det_freeze-conv-body-RPN.yaml][Step 1781 / 10000]
		loss: 0.178949, lr: 0.000200 time: 0.582635, eta: 1:19:49
		accuracy_cls: 0.955357
		spatial_reg: 0.051844
		image_loss_cls: 0.125879, loss_rpn_cls: 0.000000, loss_rpn_bbox: 0.000000
		
		
[Nov10-17-25-37_ip-172-31-8-158_step][e2e_faster_rcnn_R-101-FPN_clipart_weakly_with-spatial-reg_copy-cls-to-det_freeze-conv-body-RPN.yaml][Step 1801 / 10000]
		loss: 0.190854, lr: 0.000200 time: 0.583265, eta: 1:19:42
		accuracy_cls: 0.950893
		spatial_reg: 0.052417
		image_loss_cls: 0.134906, loss_rpn_cls: 0.000000, loss_rpn_bbox: 0.000000
		
		
[Nov10-17-25-37_ip-172-31-8-158_step][e2e_faster_rcnn_R-101-FPN_clipart_weakly_with-spatial-reg_copy-cls-to-det_freeze-conv-body-RPN.yaml][Step 1821 / 10000]
		loss: 0.196920, lr: 0.000200 time: 0.582623, eta: 1:19:25
		accuracy_cls: 0.952381
		spatial_reg: 0.056701
		image_loss_cls: 0.135497, loss_rpn_cls: 0.000000, loss_rpn_bbox: 0.000000
		
		
[Nov10-17-25-37_ip-172-31-8-158_step][e2e_faster_rcnn_R-101-FPN_clipart_weakly_with-spatial-reg_copy-cls-to-det_freeze-conv-body-RPN.yaml][Step 1841 / 10000]
		loss: 0.193473, lr: 0.000200 time: 0.582317, eta: 1:19:11
		accuracy_cls: 0.955357
		spatial_reg: 0.052231
		image_loss_cls: 0.124330, loss_rpn_cls: 0.000000, loss_rpn_bbox: 0.000000
		
		
[Nov10-17-25-37_ip-172-31-8-158_step][e2e_faster_rcnn_R-101-FPN_clipart_weakly_with-spatial-reg_copy-cls-to-det_freeze-conv-body-RPN.yaml][Step 1861 / 10000]
		loss: 0.207130, lr: 0.000200 time: 0.582985, eta: 1:19:05
		accuracy_cls: 0.947917
		spatial_reg: 0.056105
		image_loss_cls: 0.140657, loss_rpn_cls: 0.000000, loss_rpn_bbox: 0.000000
		
		
[Nov10-17-25-37_ip-172-31-8-158_step][e2e_faster_rcnn_R-101-FPN_clipart_weakly_with-spatial-reg_copy-cls-to-det_freeze-conv-body-RPN.yaml][Step 1881 / 10000]
		loss: 0.188026, lr: 0.000200 time: 0.582666, eta: 1:18:51
		accuracy_cls: 0.955357
		spatial_reg: 0.065124
		image_loss_cls: 0.120707, loss_rpn_cls: 0.000000, loss_rpn_bbox: 0.000000
		
		
[Nov10-17-25-37_ip-172-31-8-158_step][e2e_faster_rcnn_R-101-FPN_clipart_weakly_with-spatial-reg_copy-cls-to-det_freeze-conv-body-RPN.yaml][Step 1901 / 10000]
		loss: 0.182979, lr: 0.000200 time: 0.582417, eta: 1:18:37
		accuracy_cls: 0.952381
		spatial_reg: 0.060218
		image_loss_cls: 0.131647, loss_rpn_cls: 0.000000, loss_rpn_bbox: 0.000000
		
		
[Nov10-17-25-37_ip-172-31-8-158_step][e2e_faster_rcnn_R-101-FPN_clipart_weakly_with-spatial-reg_copy-cls-to-det_freeze-conv-body-RPN.yaml][Step 1921 / 10000]
		loss: 0.189769, lr: 0.000200 time: 0.582046, eta: 1:18:22
		accuracy_cls: 0.952381
		spatial_reg: 0.054145
		image_loss_cls: 0.130113, loss_rpn_cls: 0.000000, loss_rpn_bbox: 0.000000
		
		
[Nov10-17-25-37_ip-172-31-8-158_step][e2e_faster_rcnn_R-101-FPN_clipart_weakly_with-spatial-reg_copy-cls-to-det_freeze-conv-body-RPN.yaml][Step 1941 / 10000]
		loss: 0.187900, lr: 0.000200 time: 0.582552, eta: 1:18:15
		accuracy_cls: 0.956845
		spatial_reg: 0.055860
		image_loss_cls: 0.125617, loss_rpn_cls: 0.000000, loss_rpn_bbox: 0.000000
		
		
[Nov10-17-25-37_ip-172-31-8-158_step][e2e_faster_rcnn_R-101-FPN_clipart_weakly_with-spatial-reg_copy-cls-to-det_freeze-conv-body-RPN.yaml][Step 1961 / 10000]
		loss: 0.185594, lr: 0.000200 time: 0.582044, eta: 1:17:59
		accuracy_cls: 0.950893
		spatial_reg: 0.052441
		image_loss_cls: 0.131505, loss_rpn_cls: 0.000000, loss_rpn_bbox: 0.000000
		
		
[Nov10-17-25-37_ip-172-31-8-158_step][e2e_faster_rcnn_R-101-FPN_clipart_weakly_with-spatial-reg_copy-cls-to-det_freeze-conv-body-RPN.yaml][Step 1981 / 10000]
		loss: 0.189331, lr: 0.000200 time: 0.581695, eta: 1:17:45
		accuracy_cls: 0.946429
		spatial_reg: 0.060136
		image_loss_cls: 0.139709, loss_rpn_cls: 0.000000, loss_rpn_bbox: 0.000000
		
		
INFO train_net_step.py: 149: save model: Outputs/e2e_faster_rcnn_R-101-FPN_clipart_weakly_with-spatial-reg_copy-cls-to-det_freeze-conv-body-RPN/Nov10-17-25-37_ip-172-31-8-158_step/ckpt/model_step1999.pth
[Nov10-17-25-37_ip-172-31-8-158_step][e2e_faster_rcnn_R-101-FPN_clipart_weakly_with-spatial-reg_copy-cls-to-det_freeze-conv-body-RPN.yaml][Step 2001 / 10000]
		loss: 0.182886, lr: 0.000200 time: 0.582425, eta: 1:17:39
		accuracy_cls: 0.958333
		spatial_reg: 0.059788
		image_loss_cls: 0.120239, loss_rpn_cls: 0.000000, loss_rpn_bbox: 0.000000
		
		
[Nov10-17-25-37_ip-172-31-8-158_step][e2e_faster_rcnn_R-101-FPN_clipart_weakly_with-spatial-reg_copy-cls-to-det_freeze-conv-body-RPN.yaml][Step 2021 / 10000]
		loss: 0.189482, lr: 0.000200 time: 0.581883, eta: 1:17:23
		accuracy_cls: 0.949405
		spatial_reg: 0.052996
		image_loss_cls: 0.133365, loss_rpn_cls: 0.000000, loss_rpn_bbox: 0.000000
		
		
[Nov10-17-25-37_ip-172-31-8-158_step][e2e_faster_rcnn_R-101-FPN_clipart_weakly_with-spatial-reg_copy-cls-to-det_freeze-conv-body-RPN.yaml][Step 2041 / 10000]
		loss: 0.189544, lr: 0.000200 time: 0.581423, eta: 1:17:08
		accuracy_cls: 0.950893
		spatial_reg: 0.056801
		image_loss_cls: 0.135664, loss_rpn_cls: 0.000000, loss_rpn_bbox: 0.000000
		
		
[Nov10-17-25-37_ip-172-31-8-158_step][e2e_faster_rcnn_R-101-FPN_clipart_weakly_with-spatial-reg_copy-cls-to-det_freeze-conv-body-RPN.yaml][Step 2061 / 10000]
		loss: 0.186010, lr: 0.000200 time: 0.582422, eta: 1:17:04
		accuracy_cls: 0.952381
		spatial_reg: 0.044865
		image_loss_cls: 0.130839, loss_rpn_cls: 0.000000, loss_rpn_bbox: 0.000000
		
		
[Nov10-17-25-37_ip-172-31-8-158_step][e2e_faster_rcnn_R-101-FPN_clipart_weakly_with-spatial-reg_copy-cls-to-det_freeze-conv-body-RPN.yaml][Step 2081 / 10000]
		loss: 0.219849, lr: 0.000200 time: 0.581967, eta: 1:16:49
		accuracy_cls: 0.950893
		spatial_reg: 0.066405
		image_loss_cls: 0.135685, loss_rpn_cls: 0.000000, loss_rpn_bbox: 0.000000
		
		
[Nov10-17-25-37_ip-172-31-8-158_step][e2e_faster_rcnn_R-101-FPN_clipart_weakly_with-spatial-reg_copy-cls-to-det_freeze-conv-body-RPN.yaml][Step 2101 / 10000]
		loss: 0.180473, lr: 0.000200 time: 0.581652, eta: 1:16:35
		accuracy_cls: 0.952381
		spatial_reg: 0.051576
		image_loss_cls: 0.137890, loss_rpn_cls: 0.000000, loss_rpn_bbox: 0.000000
		
		
[Nov10-17-25-37_ip-172-31-8-158_step][e2e_faster_rcnn_R-101-FPN_clipart_weakly_with-spatial-reg_copy-cls-to-det_freeze-conv-body-RPN.yaml][Step 2121 / 10000]
		loss: 0.215318, lr: 0.000200 time: 0.582548, eta: 1:16:30
		accuracy_cls: 0.947917
		spatial_reg: 0.062846
		image_loss_cls: 0.142336, loss_rpn_cls: 0.000000, loss_rpn_bbox: 0.000000
		
		
[Nov10-17-25-37_ip-172-31-8-158_step][e2e_faster_rcnn_R-101-FPN_clipart_weakly_with-spatial-reg_copy-cls-to-det_freeze-conv-body-RPN.yaml][Step 2141 / 10000]
		loss: 0.179500, lr: 0.000200 time: 0.582061, eta: 1:16:15
		accuracy_cls: 0.956845
		spatial_reg: 0.049745
		image_loss_cls: 0.123533, loss_rpn_cls: 0.000000, loss_rpn_bbox: 0.000000
		
		
[Nov10-17-25-37_ip-172-31-8-158_step][e2e_faster_rcnn_R-101-FPN_clipart_weakly_with-spatial-reg_copy-cls-to-det_freeze-conv-body-RPN.yaml][Step 2161 / 10000]
		loss: 0.189176, lr: 0.000200 time: 0.581558, eta: 1:15:59
		accuracy_cls: 0.949405
		spatial_reg: 0.051942
		image_loss_cls: 0.139278, loss_rpn_cls: 0.000000, loss_rpn_bbox: 0.000000
		
		
[Nov10-17-25-37_ip-172-31-8-158_step][e2e_faster_rcnn_R-101-FPN_clipart_weakly_with-spatial-reg_copy-cls-to-det_freeze-conv-body-RPN.yaml][Step 2181 / 10000]
		loss: 0.176143, lr: 0.000200 time: 0.582066, eta: 1:15:51
		accuracy_cls: 0.955357
		spatial_reg: 0.047357
		image_loss_cls: 0.127388, loss_rpn_cls: 0.000000, loss_rpn_bbox: 0.000000
		
		
[Nov10-17-25-37_ip-172-31-8-158_step][e2e_faster_rcnn_R-101-FPN_clipart_weakly_with-spatial-reg_copy-cls-to-det_freeze-conv-body-RPN.yaml][Step 2201 / 10000]
		loss: 0.187474, lr: 0.000200 time: 0.581584, eta: 1:15:36
		accuracy_cls: 0.953869
		spatial_reg: 0.057040
		image_loss_cls: 0.129499, loss_rpn_cls: 0.000000, loss_rpn_bbox: 0.000000
		
		
[Nov10-17-25-37_ip-172-31-8-158_step][e2e_faster_rcnn_R-101-FPN_clipart_weakly_with-spatial-reg_copy-cls-to-det_freeze-conv-body-RPN.yaml][Step 2221 / 10000]
		loss: 0.196862, lr: 0.000200 time: 0.581113, eta: 1:15:21
		accuracy_cls: 0.946429
		spatial_reg: 0.052878
		image_loss_cls: 0.137200, loss_rpn_cls: 0.000000, loss_rpn_bbox: 0.000000
		
		
[Nov10-17-25-37_ip-172-31-8-158_step][e2e_faster_rcnn_R-101-FPN_clipart_weakly_with-spatial-reg_copy-cls-to-det_freeze-conv-body-RPN.yaml][Step 2241 / 10000]
		loss: 0.181676, lr: 0.000200 time: 0.581557, eta: 1:15:12
		accuracy_cls: 0.959821
		spatial_reg: 0.051073
		image_loss_cls: 0.127028, loss_rpn_cls: 0.000000, loss_rpn_bbox: 0.000000
		
		
[Nov10-17-25-37_ip-172-31-8-158_step][e2e_faster_rcnn_R-101-FPN_clipart_weakly_with-spatial-reg_copy-cls-to-det_freeze-conv-body-RPN.yaml][Step 2261 / 10000]
		loss: 0.190157, lr: 0.000200 time: 0.581133, eta: 1:14:57
		accuracy_cls: 0.947917
		spatial_reg: 0.044343
		image_loss_cls: 0.146764, loss_rpn_cls: 0.000000, loss_rpn_bbox: 0.000000
		
		
[Nov10-17-25-37_ip-172-31-8-158_step][e2e_faster_rcnn_R-101-FPN_clipart_weakly_with-spatial-reg_copy-cls-to-det_freeze-conv-body-RPN.yaml][Step 2281 / 10000]
		loss: 0.186341, lr: 0.000200 time: 0.580873, eta: 1:14:44
		accuracy_cls: 0.953869
		spatial_reg: 0.052047
		image_loss_cls: 0.131231, loss_rpn_cls: 0.000000, loss_rpn_bbox: 0.000000
		
		
[Nov10-17-25-37_ip-172-31-8-158_step][e2e_faster_rcnn_R-101-FPN_clipart_weakly_with-spatial-reg_copy-cls-to-det_freeze-conv-body-RPN.yaml][Step 2301 / 10000]
		loss: 0.176823, lr: 0.000200 time: 0.581725, eta: 1:14:39
		accuracy_cls: 0.955357
		spatial_reg: 0.045310
		image_loss_cls: 0.137135, loss_rpn_cls: 0.000000, loss_rpn_bbox: 0.000000
		
		
[Nov10-17-25-37_ip-172-31-8-158_step][e2e_faster_rcnn_R-101-FPN_clipart_weakly_with-spatial-reg_copy-cls-to-det_freeze-conv-body-RPN.yaml][Step 2321 / 10000]
		loss: 0.170517, lr: 0.000200 time: 0.581392, eta: 1:14:25
		accuracy_cls: 0.958333
		spatial_reg: 0.051207
		image_loss_cls: 0.115486, loss_rpn_cls: 0.000000, loss_rpn_bbox: 0.000000
		
		
[Nov10-17-25-37_ip-172-31-8-158_step][e2e_faster_rcnn_R-101-FPN_clipart_weakly_with-spatial-reg_copy-cls-to-det_freeze-conv-body-RPN.yaml][Step 2341 / 10000]
		loss: 0.208552, lr: 0.000200 time: 0.581178, eta: 1:14:11
		accuracy_cls: 0.953869
		spatial_reg: 0.055590
		image_loss_cls: 0.128035, loss_rpn_cls: 0.000000, loss_rpn_bbox: 0.000000
		
		
[Nov10-17-25-37_ip-172-31-8-158_step][e2e_faster_rcnn_R-101-FPN_clipart_weakly_with-spatial-reg_copy-cls-to-det_freeze-conv-body-RPN.yaml][Step 2361 / 10000]
		loss: 0.185572, lr: 0.000200 time: 0.581601, eta: 1:14:03
		accuracy_cls: 0.953869
		spatial_reg: 0.040768
		image_loss_cls: 0.136976, loss_rpn_cls: 0.000000, loss_rpn_bbox: 0.000000
		
		
[Nov10-17-25-37_ip-172-31-8-158_step][e2e_faster_rcnn_R-101-FPN_clipart_weakly_with-spatial-reg_copy-cls-to-det_freeze-conv-body-RPN.yaml][Step 2381 / 10000]
		loss: 0.186426, lr: 0.000200 time: 0.581412, eta: 1:13:50
		accuracy_cls: 0.952381
		spatial_reg: 0.055017
		image_loss_cls: 0.131114, loss_rpn_cls: 0.000000, loss_rpn_bbox: 0.000000
		
		
[Nov10-17-25-37_ip-172-31-8-158_step][e2e_faster_rcnn_R-101-FPN_clipart_weakly_with-spatial-reg_copy-cls-to-det_freeze-conv-body-RPN.yaml][Step 2401 / 10000]
		loss: 0.177192, lr: 0.000200 time: 0.581240, eta: 1:13:37
		accuracy_cls: 0.952381
		spatial_reg: 0.049042
		image_loss_cls: 0.122904, loss_rpn_cls: 0.000000, loss_rpn_bbox: 0.000000
		
		
[Nov10-17-25-37_ip-172-31-8-158_step][e2e_faster_rcnn_R-101-FPN_clipart_weakly_with-spatial-reg_copy-cls-to-det_freeze-conv-body-RPN.yaml][Step 2421 / 10000]
		loss: 0.169820, lr: 0.000200 time: 0.582248, eta: 1:13:33
		accuracy_cls: 0.955357
		spatial_reg: 0.042159
		image_loss_cls: 0.134441, loss_rpn_cls: 0.000000, loss_rpn_bbox: 0.000000
		
		
[Nov10-17-25-37_ip-172-31-8-158_step][e2e_faster_rcnn_R-101-FPN_clipart_weakly_with-spatial-reg_copy-cls-to-det_freeze-conv-body-RPN.yaml][Step 2441 / 10000]
		loss: 0.175655, lr: 0.000200 time: 0.581970, eta: 1:13:19
		accuracy_cls: 0.958333
		spatial_reg: 0.056113
		image_loss_cls: 0.112499, loss_rpn_cls: 0.000000, loss_rpn_bbox: 0.000000
		
		
[Nov10-17-25-37_ip-172-31-8-158_step][e2e_faster_rcnn_R-101-FPN_clipart_weakly_with-spatial-reg_copy-cls-to-det_freeze-conv-body-RPN.yaml][Step 2461 / 10000]
		loss: 0.184669, lr: 0.000200 time: 0.581759, eta: 1:13:06
		accuracy_cls: 0.955357
		spatial_reg: 0.052196
		image_loss_cls: 0.128190, loss_rpn_cls: 0.000000, loss_rpn_bbox: 0.000000
		
		
[Nov10-17-25-37_ip-172-31-8-158_step][e2e_faster_rcnn_R-101-FPN_clipart_weakly_with-spatial-reg_copy-cls-to-det_freeze-conv-body-RPN.yaml][Step 2481 / 10000]
		loss: 0.169678, lr: 0.000200 time: 0.582152, eta: 1:12:57
		accuracy_cls: 0.956845
		spatial_reg: 0.048777
		image_loss_cls: 0.123280, loss_rpn_cls: 0.000000, loss_rpn_bbox: 0.000000
		
		
INFO train_net_step.py: 149: save model: Outputs/e2e_faster_rcnn_R-101-FPN_clipart_weakly_with-spatial-reg_copy-cls-to-det_freeze-conv-body-RPN/Nov10-17-25-37_ip-172-31-8-158_step/ckpt/model_step2499.pth
[Nov10-17-25-37_ip-172-31-8-158_step][e2e_faster_rcnn_R-101-FPN_clipart_weakly_with-spatial-reg_copy-cls-to-det_freeze-conv-body-RPN.yaml][Step 2501 / 10000]
		loss: 0.168561, lr: 0.000200 time: 0.581910, eta: 1:12:44
		accuracy_cls: 0.956845
		spatial_reg: 0.047017
		image_loss_cls: 0.122427, loss_rpn_cls: 0.000000, loss_rpn_bbox: 0.000000
		
		
[Nov10-17-25-37_ip-172-31-8-158_step][e2e_faster_rcnn_R-101-FPN_clipart_weakly_with-spatial-reg_copy-cls-to-det_freeze-conv-body-RPN.yaml][Step 2521 / 10000]
		loss: 0.167021, lr: 0.000200 time: 0.581582, eta: 1:12:30
		accuracy_cls: 0.955357
		spatial_reg: 0.048952
		image_loss_cls: 0.121283, loss_rpn_cls: 0.000000, loss_rpn_bbox: 0.000000
		
		
[Nov10-17-25-37_ip-172-31-8-158_step][e2e_faster_rcnn_R-101-FPN_clipart_weakly_with-spatial-reg_copy-cls-to-det_freeze-conv-body-RPN.yaml][Step 2541 / 10000]
		loss: 0.192116, lr: 0.000200 time: 0.581056, eta: 1:12:14
		accuracy_cls: 0.949405
		spatial_reg: 0.053473
		image_loss_cls: 0.131340, loss_rpn_cls: 0.000000, loss_rpn_bbox: 0.000000
		
		
[Nov10-17-25-37_ip-172-31-8-158_step][e2e_faster_rcnn_R-101-FPN_clipart_weakly_with-spatial-reg_copy-cls-to-det_freeze-conv-body-RPN.yaml][Step 2561 / 10000]
		loss: 0.181277, lr: 0.000200 time: 0.581558, eta: 1:12:06
		accuracy_cls: 0.952381
		spatial_reg: 0.049672
		image_loss_cls: 0.131037, loss_rpn_cls: 0.000000, loss_rpn_bbox: 0.000000
		
		
[Nov10-17-25-37_ip-172-31-8-158_step][e2e_faster_rcnn_R-101-FPN_clipart_weakly_with-spatial-reg_copy-cls-to-det_freeze-conv-body-RPN.yaml][Step 2581 / 10000]
		loss: 0.181875, lr: 0.000200 time: 0.581392, eta: 1:11:53
		accuracy_cls: 0.952381
		spatial_reg: 0.042940
		image_loss_cls: 0.130599, loss_rpn_cls: 0.000000, loss_rpn_bbox: 0.000000
		
		
[Nov10-17-25-37_ip-172-31-8-158_step][e2e_faster_rcnn_R-101-FPN_clipart_weakly_with-spatial-reg_copy-cls-to-det_freeze-conv-body-RPN.yaml][Step 2601 / 10000]
		loss: 0.185165, lr: 0.000200 time: 0.581199, eta: 1:11:40
		accuracy_cls: 0.955357
		spatial_reg: 0.049809
		image_loss_cls: 0.123489, loss_rpn_cls: 0.000000, loss_rpn_bbox: 0.000000
		
		
[Nov10-17-25-37_ip-172-31-8-158_step][e2e_faster_rcnn_R-101-FPN_clipart_weakly_with-spatial-reg_copy-cls-to-det_freeze-conv-body-RPN.yaml][Step 2621 / 10000]
		loss: 0.180156, lr: 0.000200 time: 0.581667, eta: 1:11:32
		accuracy_cls: 0.953869
		spatial_reg: 0.056100
		image_loss_cls: 0.127872, loss_rpn_cls: 0.000000, loss_rpn_bbox: 0.000000
		
		
[Nov10-17-25-37_ip-172-31-8-158_step][e2e_faster_rcnn_R-101-FPN_clipart_weakly_with-spatial-reg_copy-cls-to-det_freeze-conv-body-RPN.yaml][Step 2641 / 10000]
		loss: 0.158482, lr: 0.000200 time: 0.581167, eta: 1:11:17
		accuracy_cls: 0.952381
		spatial_reg: 0.045144
		image_loss_cls: 0.121630, loss_rpn_cls: 0.000000, loss_rpn_bbox: 0.000000
		
		
[Nov10-17-25-37_ip-172-31-8-158_step][e2e_faster_rcnn_R-101-FPN_clipart_weakly_with-spatial-reg_copy-cls-to-det_freeze-conv-body-RPN.yaml][Step 2661 / 10000]
		loss: 0.170183, lr: 0.000200 time: 0.580906, eta: 1:11:03
		accuracy_cls: 0.953869
		spatial_reg: 0.047968
		image_loss_cls: 0.118786, loss_rpn_cls: 0.000000, loss_rpn_bbox: 0.000000
		
		
[Nov10-17-25-37_ip-172-31-8-158_step][e2e_faster_rcnn_R-101-FPN_clipart_weakly_with-spatial-reg_copy-cls-to-det_freeze-conv-body-RPN.yaml][Step 2681 / 10000]
		loss: 0.191008, lr: 0.000200 time: 0.581462, eta: 1:10:56
		accuracy_cls: 0.955357
		spatial_reg: 0.048961
		image_loss_cls: 0.134981, loss_rpn_cls: 0.000000, loss_rpn_bbox: 0.000000
		
		
[Nov10-17-25-37_ip-172-31-8-158_step][e2e_faster_rcnn_R-101-FPN_clipart_weakly_with-spatial-reg_copy-cls-to-det_freeze-conv-body-RPN.yaml][Step 2701 / 10000]
		loss: 0.175891, lr: 0.000200 time: 0.581060, eta: 1:10:41
		accuracy_cls: 0.956845
		spatial_reg: 0.046914
		image_loss_cls: 0.125492, loss_rpn_cls: 0.000000, loss_rpn_bbox: 0.000000
		
		
[Nov10-17-25-37_ip-172-31-8-158_step][e2e_faster_rcnn_R-101-FPN_clipart_weakly_with-spatial-reg_copy-cls-to-det_freeze-conv-body-RPN.yaml][Step 2721 / 10000]
		loss: 0.180984, lr: 0.000200 time: 0.580791, eta: 1:10:28
		accuracy_cls: 0.955357
		spatial_reg: 0.048189
		image_loss_cls: 0.122969, loss_rpn_cls: 0.000000, loss_rpn_bbox: 0.000000
		
		
[Nov10-17-25-37_ip-172-31-8-158_step][e2e_faster_rcnn_R-101-FPN_clipart_weakly_with-spatial-reg_copy-cls-to-det_freeze-conv-body-RPN.yaml][Step 2741 / 10000]
		loss: 0.174342, lr: 0.000200 time: 0.581314, eta: 1:10:20
		accuracy_cls: 0.958333
		spatial_reg: 0.050417
		image_loss_cls: 0.129147, loss_rpn_cls: 0.000000, loss_rpn_bbox: 0.000000
		
		
[Nov10-17-25-37_ip-172-31-8-158_step][e2e_faster_rcnn_R-101-FPN_clipart_weakly_with-spatial-reg_copy-cls-to-det_freeze-conv-body-RPN.yaml][Step 2761 / 10000]
		loss: 0.181945, lr: 0.000200 time: 0.580897, eta: 1:10:05
		accuracy_cls: 0.952381
		spatial_reg: 0.046116
		image_loss_cls: 0.139474, loss_rpn_cls: 0.000000, loss_rpn_bbox: 0.000000
		
		
[Nov10-17-25-37_ip-172-31-8-158_step][e2e_faster_rcnn_R-101-FPN_clipart_weakly_with-spatial-reg_copy-cls-to-det_freeze-conv-body-RPN.yaml][Step 2781 / 10000]
		loss: 0.178360, lr: 0.000200 time: 0.580710, eta: 1:09:52
		accuracy_cls: 0.953869
		spatial_reg: 0.049661
		image_loss_cls: 0.121980, loss_rpn_cls: 0.000000, loss_rpn_bbox: 0.000000
		
		
[Nov10-17-25-37_ip-172-31-8-158_step][e2e_faster_rcnn_R-101-FPN_clipart_weakly_with-spatial-reg_copy-cls-to-det_freeze-conv-body-RPN.yaml][Step 2801 / 10000]
		loss: 0.171422, lr: 0.000200 time: 0.581129, eta: 1:09:44
		accuracy_cls: 0.961310
		spatial_reg: 0.052665
		image_loss_cls: 0.115726, loss_rpn_cls: 0.000000, loss_rpn_bbox: 0.000000
		
		
[Nov10-17-25-37_ip-172-31-8-158_step][e2e_faster_rcnn_R-101-FPN_clipart_weakly_with-spatial-reg_copy-cls-to-det_freeze-conv-body-RPN.yaml][Step 2821 / 10000]
		loss: 0.174308, lr: 0.000200 time: 0.580780, eta: 1:09:30
		accuracy_cls: 0.958333
		spatial_reg: 0.049001
		image_loss_cls: 0.119146, loss_rpn_cls: 0.000000, loss_rpn_bbox: 0.000000
		
		
[Nov10-17-25-37_ip-172-31-8-158_step][e2e_faster_rcnn_R-101-FPN_clipart_weakly_with-spatial-reg_copy-cls-to-det_freeze-conv-body-RPN.yaml][Step 2841 / 10000]
		loss: 0.182209, lr: 0.000200 time: 0.580534, eta: 1:09:16
		accuracy_cls: 0.950893
		spatial_reg: 0.041804
		image_loss_cls: 0.142369, loss_rpn_cls: 0.000000, loss_rpn_bbox: 0.000000
		
		
[Nov10-17-25-37_ip-172-31-8-158_step][e2e_faster_rcnn_R-101-FPN_clipart_weakly_with-spatial-reg_copy-cls-to-det_freeze-conv-body-RPN.yaml][Step 2861 / 10000]
		loss: 0.184930, lr: 0.000200 time: 0.580952, eta: 1:09:07
		accuracy_cls: 0.955357
		spatial_reg: 0.050491
		image_loss_cls: 0.136876, loss_rpn_cls: 0.000000, loss_rpn_bbox: 0.000000
		
		
[Nov10-17-25-37_ip-172-31-8-158_step][e2e_faster_rcnn_R-101-FPN_clipart_weakly_with-spatial-reg_copy-cls-to-det_freeze-conv-body-RPN.yaml][Step 2881 / 10000]
		loss: 0.163617, lr: 0.000200 time: 0.580588, eta: 1:08:53
		accuracy_cls: 0.959821
		spatial_reg: 0.047962
		image_loss_cls: 0.116413, loss_rpn_cls: 0.000000, loss_rpn_bbox: 0.000000
		
		
[Nov10-17-25-37_ip-172-31-8-158_step][e2e_faster_rcnn_R-101-FPN_clipart_weakly_with-spatial-reg_copy-cls-to-det_freeze-conv-body-RPN.yaml][Step 2901 / 10000]
		loss: 0.178727, lr: 0.000200 time: 0.580233, eta: 1:08:39
		accuracy_cls: 0.950893
		spatial_reg: 0.044716
		image_loss_cls: 0.129395, loss_rpn_cls: 0.000000, loss_rpn_bbox: 0.000000
		
		
[Nov10-17-25-37_ip-172-31-8-158_step][e2e_faster_rcnn_R-101-FPN_clipart_weakly_with-spatial-reg_copy-cls-to-det_freeze-conv-body-RPN.yaml][Step 2921 / 10000]
		loss: 0.175191, lr: 0.000200 time: 0.580708, eta: 1:08:31
		accuracy_cls: 0.958333
		spatial_reg: 0.048501
		image_loss_cls: 0.123516, loss_rpn_cls: 0.000000, loss_rpn_bbox: 0.000000
		
		
[Nov10-17-25-37_ip-172-31-8-158_step][e2e_faster_rcnn_R-101-FPN_clipart_weakly_with-spatial-reg_copy-cls-to-det_freeze-conv-body-RPN.yaml][Step 2941 / 10000]
		loss: 0.160660, lr: 0.000200 time: 0.580424, eta: 1:08:17
		accuracy_cls: 0.961310
		spatial_reg: 0.042300
		image_loss_cls: 0.114419, loss_rpn_cls: 0.000000, loss_rpn_bbox: 0.000000
		
		
[Nov10-17-25-37_ip-172-31-8-158_step][e2e_faster_rcnn_R-101-FPN_clipart_weakly_with-spatial-reg_copy-cls-to-det_freeze-conv-body-RPN.yaml][Step 2961 / 10000]
		loss: 0.195772, lr: 0.000200 time: 0.580143, eta: 1:08:04
		accuracy_cls: 0.947917
		spatial_reg: 0.042436
		image_loss_cls: 0.141079, loss_rpn_cls: 0.000000, loss_rpn_bbox: 0.000000
		
		
[Nov10-17-25-37_ip-172-31-8-158_step][e2e_faster_rcnn_R-101-FPN_clipart_weakly_with-spatial-reg_copy-cls-to-det_freeze-conv-body-RPN.yaml][Step 2981 / 10000]
		loss: 0.180625, lr: 0.000200 time: 0.580430, eta: 1:07:54
		accuracy_cls: 0.958333
		spatial_reg: 0.046775
		image_loss_cls: 0.118493, loss_rpn_cls: 0.000000, loss_rpn_bbox: 0.000000
		
		
INFO train_net_step.py: 149: save model: Outputs/e2e_faster_rcnn_R-101-FPN_clipart_weakly_with-spatial-reg_copy-cls-to-det_freeze-conv-body-RPN/Nov10-17-25-37_ip-172-31-8-158_step/ckpt/model_step2999.pth
[Nov10-17-25-37_ip-172-31-8-158_step][e2e_faster_rcnn_R-101-FPN_clipart_weakly_with-spatial-reg_copy-cls-to-det_freeze-conv-body-RPN.yaml][Step 3001 / 10000]
		loss: 0.141344, lr: 0.000200 time: 0.580087, eta: 1:07:40
		accuracy_cls: 0.958333
		spatial_reg: 0.039468
		image_loss_cls: 0.106651, loss_rpn_cls: 0.000000, loss_rpn_bbox: 0.000000
		
		
[Nov10-17-25-37_ip-172-31-8-158_step][e2e_faster_rcnn_R-101-FPN_clipart_weakly_with-spatial-reg_copy-cls-to-det_freeze-conv-body-RPN.yaml][Step 3021 / 10000]
		loss: 0.189742, lr: 0.000200 time: 0.579809, eta: 1:07:27
		accuracy_cls: 0.958333
		spatial_reg: 0.050687
		image_loss_cls: 0.125608, loss_rpn_cls: 0.000000, loss_rpn_bbox: 0.000000
		
		
[Nov10-17-25-37_ip-172-31-8-158_step][e2e_faster_rcnn_R-101-FPN_clipart_weakly_with-spatial-reg_copy-cls-to-det_freeze-conv-body-RPN.yaml][Step 3041 / 10000]
		loss: 0.169328, lr: 0.000200 time: 0.580104, eta: 1:07:17
		accuracy_cls: 0.956845
		spatial_reg: 0.051027
		image_loss_cls: 0.120809, loss_rpn_cls: 0.000000, loss_rpn_bbox: 0.000000
		
		
[Nov10-17-25-37_ip-172-31-8-158_step][e2e_faster_rcnn_R-101-FPN_clipart_weakly_with-spatial-reg_copy-cls-to-det_freeze-conv-body-RPN.yaml][Step 3061 / 10000]
		loss: 0.172971, lr: 0.000200 time: 0.579809, eta: 1:07:03
		accuracy_cls: 0.949405
		spatial_reg: 0.040418
		image_loss_cls: 0.133243, loss_rpn_cls: 0.000000, loss_rpn_bbox: 0.000000
		
		
[Nov10-17-25-37_ip-172-31-8-158_step][e2e_faster_rcnn_R-101-FPN_clipart_weakly_with-spatial-reg_copy-cls-to-det_freeze-conv-body-RPN.yaml][Step 3081 / 10000]
		loss: 0.173421, lr: 0.000200 time: 0.579540, eta: 1:06:50
		accuracy_cls: 0.955357
		spatial_reg: 0.051656
		image_loss_cls: 0.127150, loss_rpn_cls: 0.000000, loss_rpn_bbox: 0.000000
		
		
[Nov10-17-25-37_ip-172-31-8-158_step][e2e_faster_rcnn_R-101-FPN_clipart_weakly_with-spatial-reg_copy-cls-to-det_freeze-conv-body-RPN.yaml][Step 3101 / 10000]
		loss: 0.159826, lr: 0.000200 time: 0.580020, eta: 1:06:42
		accuracy_cls: 0.953869
		spatial_reg: 0.040564
		image_loss_cls: 0.120779, loss_rpn_cls: 0.000000, loss_rpn_bbox: 0.000000
		
		
[Nov10-17-25-37_ip-172-31-8-158_step][e2e_faster_rcnn_R-101-FPN_clipart_weakly_with-spatial-reg_copy-cls-to-det_freeze-conv-body-RPN.yaml][Step 3121 / 10000]
		loss: 0.175424, lr: 0.000200 time: 0.579941, eta: 1:06:29
		accuracy_cls: 0.962798
		spatial_reg: 0.046487
		image_loss_cls: 0.119810, loss_rpn_cls: 0.000000, loss_rpn_bbox: 0.000000
		
		
[Nov10-17-25-37_ip-172-31-8-158_step][e2e_faster_rcnn_R-101-FPN_clipart_weakly_with-spatial-reg_copy-cls-to-det_freeze-conv-body-RPN.yaml][Step 3141 / 10000]
		loss: 0.179392, lr: 0.000200 time: 0.579813, eta: 1:06:17
		accuracy_cls: 0.952381
		spatial_reg: 0.047105
		image_loss_cls: 0.121564, loss_rpn_cls: 0.000000, loss_rpn_bbox: 0.000000
		
		
[Nov10-17-25-37_ip-172-31-8-158_step][e2e_faster_rcnn_R-101-FPN_clipart_weakly_with-spatial-reg_copy-cls-to-det_freeze-conv-body-RPN.yaml][Step 3161 / 10000]
		loss: 0.163318, lr: 0.000200 time: 0.579599, eta: 1:06:04
		accuracy_cls: 0.955357
		spatial_reg: 0.042277
		image_loss_cls: 0.117592, loss_rpn_cls: 0.000000, loss_rpn_bbox: 0.000000
		
		
[Nov10-17-25-37_ip-172-31-8-158_step][e2e_faster_rcnn_R-101-FPN_clipart_weakly_with-spatial-reg_copy-cls-to-det_freeze-conv-body-RPN.yaml][Step 3181 / 10000]
		loss: 0.167968, lr: 0.000200 time: 0.580167, eta: 1:05:56
		accuracy_cls: 0.959821
		spatial_reg: 0.050245
		image_loss_cls: 0.121259, loss_rpn_cls: 0.000000, loss_rpn_bbox: 0.000000
		
		
[Nov10-17-25-37_ip-172-31-8-158_step][e2e_faster_rcnn_R-101-FPN_clipart_weakly_with-spatial-reg_copy-cls-to-det_freeze-conv-body-RPN.yaml][Step 3201 / 10000]
		loss: 0.167283, lr: 0.000200 time: 0.579856, eta: 1:05:43
		accuracy_cls: 0.955357
		spatial_reg: 0.046078
		image_loss_cls: 0.123893, loss_rpn_cls: 0.000000, loss_rpn_bbox: 0.000000
		
		
[Nov10-17-25-37_ip-172-31-8-158_step][e2e_faster_rcnn_R-101-FPN_clipart_weakly_with-spatial-reg_copy-cls-to-det_freeze-conv-body-RPN.yaml][Step 3221 / 10000]
		loss: 0.163453, lr: 0.000200 time: 0.579694, eta: 1:05:30
		accuracy_cls: 0.964286
		spatial_reg: 0.042615
		image_loss_cls: 0.118443, loss_rpn_cls: 0.000000, loss_rpn_bbox: 0.000000
		
		
